  Cartesian.cpp
C:\Users\alexc\Documents\repos\MeshGenerator\ConsoleApplication1\ConsoleApplication1\Cartesian.cpp(127): warning C4018: '<': signed/unsigned mismatch
C:\Users\alexc\Documents\repos\MeshGenerator\ConsoleApplication1\ConsoleApplication1\Cartesian.cpp(139): warning C4018: '<': signed/unsigned mismatch
C:\Users\alexc\Documents\repos\MeshGenerator\ConsoleApplication1\ConsoleApplication1\Cartesian.cpp(141): warning C4018: '<': signed/unsigned mismatch
C:\Users\alexc\Documents\repos\MeshGenerator\ConsoleApplication1\ConsoleApplication1\Cartesian.cpp(163): warning C4244: 'return': conversion from 'double' to 'float', possible loss of data
C:\Users\alexc\Documents\repos\MeshGenerator\ConsoleApplication1\ConsoleApplication1\Cartesian.cpp(192): warning C4244: 'argument': conversion from 'int' to '_Ty', possible loss of data
          with
          [
              _Ty=float
          ]
C:\Users\alexc\Documents\repos\MeshGenerator\ConsoleApplication1\ConsoleApplication1\Cartesian.cpp(193): warning C4244: 'argument': conversion from 'int' to '_Ty', possible loss of data
          with
          [
              _Ty=float
          ]
C:\Users\alexc\Documents\repos\MeshGenerator\ConsoleApplication1\ConsoleApplication1\Cartesian.cpp(229): warning C4244: 'argument': conversion from 'int' to '_Ty', possible loss of data
          with
          [
              _Ty=float
          ]
C:\Users\alexc\Documents\repos\MeshGenerator\ConsoleApplication1\ConsoleApplication1\Cartesian.cpp(230): warning C4244: 'argument': conversion from 'int' to '_Ty', possible loss of data
          with
          [
              _Ty=float
          ]
C:\Users\alexc\Documents\repos\MeshGenerator\ConsoleApplication1\ConsoleApplication1\Cartesian.cpp(270): warning C4244: 'argument': conversion from 'int' to '_Ty', possible loss of data
          with
          [
              _Ty=float
          ]
C:\Users\alexc\Documents\repos\MeshGenerator\ConsoleApplication1\ConsoleApplication1\Cartesian.cpp(271): warning C4244: 'argument': conversion from 'int' to '_Ty', possible loss of data
          with
          [
              _Ty=float
          ]
C:\Users\alexc\Documents\repos\MeshGenerator\ConsoleApplication1\ConsoleApplication1\Cartesian.cpp(307): warning C4244: 'argument': conversion from 'int' to '_Ty', possible loss of data
          with
          [
              _Ty=float
          ]
C:\Users\alexc\Documents\repos\MeshGenerator\ConsoleApplication1\ConsoleApplication1\Cartesian.cpp(308): warning C4244: 'argument': conversion from 'int' to '_Ty', possible loss of data
          with
          [
              _Ty=float
          ]
C:\Users\alexc\Documents\repos\MeshGenerator\ConsoleApplication1\ConsoleApplication1\Cartesian.cpp(348): warning C4244: 'argument': conversion from 'int' to '_Ty', possible loss of data
          with
          [
              _Ty=float
          ]
C:\Users\alexc\Documents\repos\MeshGenerator\ConsoleApplication1\ConsoleApplication1\Cartesian.cpp(349): warning C4244: 'argument': conversion from 'int' to '_Ty', possible loss of data
          with
          [
              _Ty=float
          ]
C:\Users\alexc\Documents\repos\MeshGenerator\ConsoleApplication1\ConsoleApplication1\Cartesian.cpp(385): warning C4244: 'argument': conversion from 'int' to '_Ty', possible loss of data
          with
          [
              _Ty=float
          ]
C:\Users\alexc\Documents\repos\MeshGenerator\ConsoleApplication1\ConsoleApplication1\Cartesian.cpp(386): warning C4244: 'argument': conversion from 'int' to '_Ty', possible loss of data
          with
          [
              _Ty=float
          ]
C:\Users\alexc\Documents\repos\MeshGenerator\ConsoleApplication1\ConsoleApplication1\Cartesian.cpp(422): warning C4244: 'argument': conversion from 'int' to '_Ty', possible loss of data
          with
          [
              _Ty=float
          ]
C:\Users\alexc\Documents\repos\MeshGenerator\ConsoleApplication1\ConsoleApplication1\Cartesian.cpp(423): warning C4244: 'argument': conversion from 'int' to '_Ty', possible loss of data
          with
          [
              _Ty=float
          ]
C:\Users\alexc\Documents\repos\MeshGenerator\ConsoleApplication1\ConsoleApplication1\Cartesian.cpp(467): warning C4244: 'argument': conversion from 'int' to '_Ty', possible loss of data
          with
          [
              _Ty=float
          ]
C:\Users\alexc\Documents\repos\MeshGenerator\ConsoleApplication1\ConsoleApplication1\Cartesian.cpp(468): warning C4244: 'argument': conversion from 'int' to '_Ty', possible loss of data
          with
          [
              _Ty=float
          ]
C:\Users\alexc\Documents\repos\MeshGenerator\ConsoleApplication1\ConsoleApplication1\Cartesian.cpp(503): warning C4244: 'argument': conversion from 'int' to '_Ty', possible loss of data
          with
          [
              _Ty=float
          ]
C:\Users\alexc\Documents\repos\MeshGenerator\ConsoleApplication1\ConsoleApplication1\Cartesian.cpp(504): warning C4244: 'argument': conversion from 'int' to '_Ty', possible loss of data
          with
          [
              _Ty=float
          ]
C:\Users\alexc\Documents\repos\MeshGenerator\ConsoleApplication1\ConsoleApplication1\Cartesian.cpp(544): warning C4244: 'argument': conversion from 'int' to '_Ty', possible loss of data
          with
          [
              _Ty=float
          ]
C:\Users\alexc\Documents\repos\MeshGenerator\ConsoleApplication1\ConsoleApplication1\Cartesian.cpp(545): warning C4244: 'argument': conversion from 'int' to '_Ty', possible loss of data
          with
          [
              _Ty=float
          ]
C:\Users\alexc\Documents\repos\MeshGenerator\ConsoleApplication1\ConsoleApplication1\Cartesian.cpp(580): warning C4244: 'argument': conversion from 'int' to '_Ty', possible loss of data
          with
          [
              _Ty=float
          ]
C:\Users\alexc\Documents\repos\MeshGenerator\ConsoleApplication1\ConsoleApplication1\Cartesian.cpp(581): warning C4244: 'argument': conversion from 'int' to '_Ty', possible loss of data
          with
          [
              _Ty=float
          ]
C:\Users\alexc\Documents\repos\MeshGenerator\ConsoleApplication1\ConsoleApplication1\Cartesian.cpp(622): warning C4244: 'argument': conversion from 'int' to '_Ty', possible loss of data
          with
          [
              _Ty=float
          ]
C:\Users\alexc\Documents\repos\MeshGenerator\ConsoleApplication1\ConsoleApplication1\Cartesian.cpp(623): warning C4244: 'argument': conversion from 'int' to '_Ty', possible loss of data
          with
          [
              _Ty=float
          ]
C:\Users\alexc\Documents\repos\MeshGenerator\ConsoleApplication1\ConsoleApplication1\Cartesian.cpp(658): warning C4244: 'argument': conversion from 'int' to '_Ty', possible loss of data
          with
          [
              _Ty=float
          ]
C:\Users\alexc\Documents\repos\MeshGenerator\ConsoleApplication1\ConsoleApplication1\Cartesian.cpp(659): warning C4244: 'argument': conversion from 'int' to '_Ty', possible loss of data
          with
          [
              _Ty=float
          ]
C:\Users\alexc\Documents\repos\MeshGenerator\ConsoleApplication1\ConsoleApplication1\Cartesian.cpp(695): warning C4244: 'argument': conversion from 'int' to '_Ty', possible loss of data
          with
          [
              _Ty=float
          ]
C:\Users\alexc\Documents\repos\MeshGenerator\ConsoleApplication1\ConsoleApplication1\Cartesian.cpp(696): warning C4244: 'argument': conversion from 'int' to '_Ty', possible loss of data
          with
          [
              _Ty=float
          ]
C:\Users\alexc\Documents\repos\MeshGenerator\ConsoleApplication1\ConsoleApplication1\Cartesian.cpp(741): warning C4244: 'argument': conversion from 'int' to '_Ty', possible loss of data
          with
          [
              _Ty=float
          ]
C:\Users\alexc\Documents\repos\MeshGenerator\ConsoleApplication1\ConsoleApplication1\Cartesian.cpp(742): warning C4244: 'argument': conversion from 'int' to '_Ty', possible loss of data
          with
          [
              _Ty=float
          ]
C:\Users\alexc\Documents\repos\MeshGenerator\ConsoleApplication1\ConsoleApplication1\Cartesian.cpp(777): warning C4244: 'argument': conversion from 'int' to '_Ty', possible loss of data
          with
          [
              _Ty=float
          ]
C:\Users\alexc\Documents\repos\MeshGenerator\ConsoleApplication1\ConsoleApplication1\Cartesian.cpp(778): warning C4244: 'argument': conversion from 'int' to '_Ty', possible loss of data
          with
          [
              _Ty=float
          ]
C:\Users\alexc\Documents\repos\MeshGenerator\ConsoleApplication1\ConsoleApplication1\Cartesian.cpp(814): warning C4244: 'argument': conversion from 'int' to '_Ty', possible loss of data
          with
          [
              _Ty=float
          ]
C:\Users\alexc\Documents\repos\MeshGenerator\ConsoleApplication1\ConsoleApplication1\Cartesian.cpp(815): warning C4244: 'argument': conversion from 'int' to '_Ty', possible loss of data
          with
          [
              _Ty=float
          ]
C:\Users\alexc\Documents\repos\MeshGenerator\ConsoleApplication1\ConsoleApplication1\Cartesian.cpp(855): warning C4244: 'argument': conversion from 'int' to '_Ty', possible loss of data
          with
          [
              _Ty=float
          ]
C:\Users\alexc\Documents\repos\MeshGenerator\ConsoleApplication1\ConsoleApplication1\Cartesian.cpp(856): warning C4244: 'argument': conversion from 'int' to '_Ty', possible loss of data
          with
          [
              _Ty=float
          ]
C:\Users\alexc\Documents\repos\MeshGenerator\ConsoleApplication1\ConsoleApplication1\Cartesian.cpp(891): warning C4244: 'argument': conversion from 'int' to '_Ty', possible loss of data
          with
          [
              _Ty=float
          ]
C:\Users\alexc\Documents\repos\MeshGenerator\ConsoleApplication1\ConsoleApplication1\Cartesian.cpp(892): warning C4244: 'argument': conversion from 'int' to '_Ty', possible loss of data
          with
          [
              _Ty=float
          ]
C:\Users\alexc\Documents\repos\MeshGenerator\ConsoleApplication1\ConsoleApplication1\Cartesian.cpp(928): warning C4244: 'argument': conversion from 'int' to '_Ty', possible loss of data
          with
          [
              _Ty=float
          ]
C:\Users\alexc\Documents\repos\MeshGenerator\ConsoleApplication1\ConsoleApplication1\Cartesian.cpp(929): warning C4244: 'argument': conversion from 'int' to '_Ty', possible loss of data
          with
          [
              _Ty=float
          ]
C:\Users\alexc\Documents\repos\MeshGenerator\ConsoleApplication1\ConsoleApplication1\Cartesian.cpp(969): warning C4244: 'argument': conversion from 'int' to '_Ty', possible loss of data
          with
          [
              _Ty=float
          ]
C:\Users\alexc\Documents\repos\MeshGenerator\ConsoleApplication1\ConsoleApplication1\Cartesian.cpp(970): warning C4244: 'argument': conversion from 'int' to '_Ty', possible loss of data
          with
          [
              _Ty=float
          ]
C:\Users\alexc\Documents\repos\MeshGenerator\ConsoleApplication1\ConsoleApplication1\Cartesian.cpp(1005): warning C4244: 'argument': conversion from 'int' to '_Ty', possible loss of data
          with
          [
              _Ty=float
          ]
C:\Users\alexc\Documents\repos\MeshGenerator\ConsoleApplication1\ConsoleApplication1\Cartesian.cpp(1006): warning C4244: 'argument': conversion from 'int' to '_Ty', possible loss of data
          with
          [
              _Ty=float
          ]
C:\Users\alexc\Documents\repos\MeshGenerator\ConsoleApplication1\ConsoleApplication1\Cartesian.cpp(1042): warning C4244: 'argument': conversion from 'int' to '_Ty', possible loss of data
          with
          [
              _Ty=float
          ]
C:\Users\alexc\Documents\repos\MeshGenerator\ConsoleApplication1\ConsoleApplication1\Cartesian.cpp(1043): warning C4244: 'argument': conversion from 'int' to '_Ty', possible loss of data
          with
          [
              _Ty=float
          ]
C:\Users\alexc\Documents\repos\MeshGenerator\ConsoleApplication1\ConsoleApplication1\Cartesian.cpp(1079): warning C4244: 'argument': conversion from 'int' to '_Ty', possible loss of data
          with
          [
              _Ty=float
          ]
C:\Users\alexc\Documents\repos\MeshGenerator\ConsoleApplication1\ConsoleApplication1\Cartesian.cpp(1080): warning C4244: 'argument': conversion from 'int' to '_Ty', possible loss of data
          with
          [
              _Ty=float
          ]
  ConsoleApplication1.cpp
C:\Users\alexc\Documents\repos\MeshGenerator\ConsoleApplication1\ConsoleApplication1\ConsoleApplication1.cpp(5): fatal error C1083: Cannot open include file: 'Cartesian.h': No such file or directory
